<?xml version="1.0" encoding="UTF-8"?>
<testsuite name="it.java.sandbox.PrimeTests" tests="2" skipped="0" failures="0" errors="0" timestamp="2018-02-06T18:06:51" hostname="MacBook-Air-3.local" time="0.007">
  <properties/>
  <testcase name="testNoPrime" classname="it.java.sandbox.PrimeTests" time="0.004"/>
  <testcase name="testPrime" classname="it.java.sandbox.PrimeTests" time="0.001"/>
  <system-out><![CDATA[]]></system-out>
  <system-err><![CDATA[]]></system-err>
</testsuite>
