<?xml version="1.0" encoding="UTF-8"?>
<testsuite name="it.java.task2.DistanceTests" tests="1" skipped="0" failures="0" errors="0" timestamp="2018-02-06T18:06:51" hostname="MacBook-Air-3.local" time="0.011">
  <properties/>
  <testcase name="testDistance" classname="it.java.task2.DistanceTests" time="0.011"/>
  <system-out><![CDATA[]]></system-out>
  <system-err><![CDATA[]]></system-err>
</testsuite>
