<?xml version="1.0" encoding="UTF-8"?>
<testsuite name="it.java.addressbook.tests.GroupCreationTests" tests="2" skipped="0" failures="0" errors="0" timestamp="2018-02-05T23:07:47" hostname="MacBook-Air-3.local" time="3.175">
  <properties/>
  <testcase name="groupCreationTests[0](GroupData{name='test0', id=2147483647})" classname="it.java.addressbook.tests.GroupCreationTests" time="1.942"/>
  <testcase name="groupCreationTests[1](GroupData{name='test1', id=2147483647})" classname="it.java.addressbook.tests.GroupCreationTests" time="1.232"/>
  <system-out><![CDATA[00:07:47.429 [Test worker] INFO  o.h.h.i.QueryTranslatorFactoryInitiator - HHH000397: Using ASTQueryTranslatorFactory
Hibernate: select groupdata0_.group_id as group_id1_2_, groupdata0_.group_footer as group_fo2_2_, groupdata0_.group_header as group_he3_2_, groupdata0_.group_name as group_na4_2_ from group_list groupdata0_
Hibernate: select contacts0_.group_id as group_id2_0_0_, contacts0_.id as id1_0_0_, contactdat1_.id as id1_1_1_, contactdat1_.address as address2_1_1_, contactdat1_.address2 as address3_1_1_, contactdat1_.company as company4_1_1_, contactdat1_.email as email5_1_1_, contactdat1_.email2 as email6_1_1_, contactdat1_.email3 as email7_1_1_, contactdat1_.firstname as firstnam8_1_1_, contactdat1_.home as home9_1_1_, contactdat1_.homepage as homepag10_1_1_, contactdat1_.lastname as lastnam11_1_1_, contactdat1_.mobile as mobile12_1_1_, contactdat1_.photo as photo13_1_1_, contactdat1_.work as work14_1_1_ from address_in_groups contacts0_ inner join addressbook contactdat1_ on contacts0_.id=contactdat1_.id where contacts0_.group_id=?
Hibernate: select contacts0_.group_id as group_id2_0_0_, contacts0_.id as id1_0_0_, contactdat1_.id as id1_1_1_, contactdat1_.address as address2_1_1_, contactdat1_.address2 as address3_1_1_, contactdat1_.company as company4_1_1_, contactdat1_.email as email5_1_1_, contactdat1_.email2 as email6_1_1_, contactdat1_.email3 as email7_1_1_, contactdat1_.firstname as firstnam8_1_1_, contactdat1_.home as home9_1_1_, contactdat1_.homepage as homepag10_1_1_, contactdat1_.lastname as lastnam11_1_1_, contactdat1_.mobile as mobile12_1_1_, contactdat1_.photo as photo13_1_1_, contactdat1_.work as work14_1_1_ from address_in_groups contacts0_ inner join addressbook contactdat1_ on contacts0_.id=contactdat1_.id where contacts0_.group_id=?
Hibernate: select contacts0_.group_id as group_id2_0_0_, contacts0_.id as id1_0_0_, contactdat1_.id as id1_1_1_, contactdat1_.address as address2_1_1_, contactdat1_.address2 as address3_1_1_, contactdat1_.company as company4_1_1_, contactdat1_.email as email5_1_1_, contactdat1_.email2 as email6_1_1_, contactdat1_.email3 as email7_1_1_, contactdat1_.firstname as firstnam8_1_1_, contactdat1_.home as home9_1_1_, contactdat1_.homepage as homepag10_1_1_, contactdat1_.lastname as lastnam11_1_1_, contactdat1_.mobile as mobile12_1_1_, contactdat1_.photo as photo13_1_1_, contactdat1_.work as work14_1_1_ from address_in_groups contacts0_ inner join addressbook contactdat1_ on contacts0_.id=contactdat1_.id where contacts0_.group_id=?
Hibernate: select groups0_.id as id1_0_0_, groups0_.group_id as group_id2_0_0_, groupdata1_.group_id as group_id1_2_1_, groupdata1_.group_footer as group_fo2_2_1_, groupdata1_.group_header as group_he3_2_1_, groupdata1_.group_name as group_na4_2_1_ from address_in_groups groups0_ inner join group_list groupdata1_ on groups0_.group_id=groupdata1_.group_id where groups0_.id=?
Hibernate: select groups0_.id as id1_0_0_, groups0_.group_id as group_id2_0_0_, groupdata1_.group_id as group_id1_2_1_, groupdata1_.group_footer as group_fo2_2_1_, groupdata1_.group_header as group_he3_2_1_, groupdata1_.group_name as group_na4_2_1_ from address_in_groups groups0_ inner join group_list groupdata1_ on groups0_.group_id=groupdata1_.group_id where groups0_.id=?
Hibernate: select groups0_.id as id1_0_0_, groups0_.group_id as group_id2_0_0_, groupdata1_.group_id as group_id1_2_1_, groupdata1_.group_footer as group_fo2_2_1_, groupdata1_.group_header as group_he3_2_1_, groupdata1_.group_name as group_na4_2_1_ from address_in_groups groups0_ inner join group_list groupdata1_ on groups0_.group_id=groupdata1_.group_id where groups0_.id=?
Hibernate: select groups0_.id as id1_0_0_, groups0_.group_id as group_id2_0_0_, groupdata1_.group_id as group_id1_2_1_, groupdata1_.group_footer as group_fo2_2_1_, groupdata1_.group_header as group_he3_2_1_, groupdata1_.group_name as group_na4_2_1_ from address_in_groups groups0_ inner join group_list groupdata1_ on groups0_.group_id=groupdata1_.group_id where groups0_.id=?
Hibernate: select contacts0_.group_id as group_id2_0_0_, contacts0_.id as id1_0_0_, contactdat1_.id as id1_1_1_, contactdat1_.address as address2_1_1_, contactdat1_.address2 as address3_1_1_, contactdat1_.company as company4_1_1_, contactdat1_.email as email5_1_1_, contactdat1_.email2 as email6_1_1_, contactdat1_.email3 as email7_1_1_, contactdat1_.firstname as firstnam8_1_1_, contactdat1_.home as home9_1_1_, contactdat1_.homepage as homepag10_1_1_, contactdat1_.lastname as lastnam11_1_1_, contactdat1_.mobile as mobile12_1_1_, contactdat1_.photo as photo13_1_1_, contactdat1_.work as work14_1_1_ from address_in_groups contacts0_ inner join addressbook contactdat1_ on contacts0_.id=contactdat1_.id where contacts0_.group_id=?
Hibernate: select contacts0_.group_id as group_id2_0_0_, contacts0_.id as id1_0_0_, contactdat1_.id as id1_1_1_, contactdat1_.address as address2_1_1_, contactdat1_.address2 as address3_1_1_, contactdat1_.company as company4_1_1_, contactdat1_.email as email5_1_1_, contactdat1_.email2 as email6_1_1_, contactdat1_.email3 as email7_1_1_, contactdat1_.firstname as firstnam8_1_1_, contactdat1_.home as home9_1_1_, contactdat1_.homepage as homepag10_1_1_, contactdat1_.lastname as lastnam11_1_1_, contactdat1_.mobile as mobile12_1_1_, contactdat1_.photo as photo13_1_1_, contactdat1_.work as work14_1_1_ from address_in_groups contacts0_ inner join addressbook contactdat1_ on contacts0_.id=contactdat1_.id where contacts0_.group_id=?
Hibernate: select groups0_.id as id1_0_0_, groups0_.group_id as group_id2_0_0_, groupdata1_.group_id as group_id1_2_1_, groupdata1_.group_footer as group_fo2_2_1_, groupdata1_.group_header as group_he3_2_1_, groupdata1_.group_name as group_na4_2_1_ from address_in_groups groups0_ inner join group_list groupdata1_ on groups0_.group_id=groupdata1_.group_id where groups0_.id=?
Hibernate: select contacts0_.group_id as group_id2_0_0_, contacts0_.id as id1_0_0_, contactdat1_.id as id1_1_1_, contactdat1_.address as address2_1_1_, contactdat1_.address2 as address3_1_1_, contactdat1_.company as company4_1_1_, contactdat1_.email as email5_1_1_, contactdat1_.email2 as email6_1_1_, contactdat1_.email3 as email7_1_1_, contactdat1_.firstname as firstnam8_1_1_, contactdat1_.home as home9_1_1_, contactdat1_.homepage as homepag10_1_1_, contactdat1_.lastname as lastnam11_1_1_, contactdat1_.mobile as mobile12_1_1_, contactdat1_.photo as photo13_1_1_, contactdat1_.work as work14_1_1_ from address_in_groups contacts0_ inner join addressbook contactdat1_ on contacts0_.id=contactdat1_.id where contacts0_.group_id=?
Hibernate: select contacts0_.group_id as group_id2_0_0_, contacts0_.id as id1_0_0_, contactdat1_.id as id1_1_1_, contactdat1_.address as address2_1_1_, contactdat1_.address2 as address3_1_1_, contactdat1_.company as company4_1_1_, contactdat1_.email as email5_1_1_, contactdat1_.email2 as email6_1_1_, contactdat1_.email3 as email7_1_1_, contactdat1_.firstname as firstnam8_1_1_, contactdat1_.home as home9_1_1_, contactdat1_.homepage as homepag10_1_1_, contactdat1_.lastname as lastnam11_1_1_, contactdat1_.mobile as mobile12_1_1_, contactdat1_.photo as photo13_1_1_, contactdat1_.work as work14_1_1_ from address_in_groups contacts0_ inner join addressbook contactdat1_ on contacts0_.id=contactdat1_.id where contacts0_.group_id=?
Hibernate: select groupdata0_.group_id as group_id1_2_, groupdata0_.group_footer as group_fo2_2_, groupdata0_.group_header as group_he3_2_, groupdata0_.group_name as group_na4_2_ from group_list groupdata0_
Hibernate: select contacts0_.group_id as group_id2_0_0_, contacts0_.id as id1_0_0_, contactdat1_.id as id1_1_1_, contactdat1_.address as address2_1_1_, contactdat1_.address2 as address3_1_1_, contactdat1_.company as company4_1_1_, contactdat1_.email as email5_1_1_, contactdat1_.email2 as email6_1_1_, contactdat1_.email3 as email7_1_1_, contactdat1_.firstname as firstnam8_1_1_, contactdat1_.home as home9_1_1_, contactdat1_.homepage as homepag10_1_1_, contactdat1_.lastname as lastnam11_1_1_, contactdat1_.mobile as mobile12_1_1_, contactdat1_.photo as photo13_1_1_, contactdat1_.work as work14_1_1_ from address_in_groups contacts0_ inner join addressbook contactdat1_ on contacts0_.id=contactdat1_.id where contacts0_.group_id=?
Hibernate: select contacts0_.group_id as group_id2_0_0_, contacts0_.id as id1_0_0_, contactdat1_.id as id1_1_1_, contactdat1_.address as address2_1_1_, contactdat1_.address2 as address3_1_1_, contactdat1_.company as company4_1_1_, contactdat1_.email as email5_1_1_, contactdat1_.email2 as email6_1_1_, contactdat1_.email3 as email7_1_1_, contactdat1_.firstname as firstnam8_1_1_, contactdat1_.home as home9_1_1_, contactdat1_.homepage as homepag10_1_1_, contactdat1_.lastname as lastnam11_1_1_, contactdat1_.mobile as mobile12_1_1_, contactdat1_.photo as photo13_1_1_, contactdat1_.work as work14_1_1_ from address_in_groups contacts0_ inner join addressbook contactdat1_ on contacts0_.id=contactdat1_.id where contacts0_.group_id=?
Hibernate: select contacts0_.group_id as group_id2_0_0_, contacts0_.id as id1_0_0_, contactdat1_.id as id1_1_1_, contactdat1_.address as address2_1_1_, contactdat1_.address2 as address3_1_1_, contactdat1_.company as company4_1_1_, contactdat1_.email as email5_1_1_, contactdat1_.email2 as email6_1_1_, contactdat1_.email3 as email7_1_1_, contactdat1_.firstname as firstnam8_1_1_, contactdat1_.home as home9_1_1_, contactdat1_.homepage as homepag10_1_1_, contactdat1_.lastname as lastnam11_1_1_, contactdat1_.mobile as mobile12_1_1_, contactdat1_.photo as photo13_1_1_, contactdat1_.work as work14_1_1_ from address_in_groups contacts0_ inner join addressbook contactdat1_ on contacts0_.id=contactdat1_.id where contacts0_.group_id=?
Hibernate: select contacts0_.group_id as group_id2_0_0_, contacts0_.id as id1_0_0_, contactdat1_.id as id1_1_1_, contactdat1_.address as address2_1_1_, contactdat1_.address2 as address3_1_1_, contactdat1_.company as company4_1_1_, contactdat1_.email as email5_1_1_, contactdat1_.email2 as email6_1_1_, contactdat1_.email3 as email7_1_1_, contactdat1_.firstname as firstnam8_1_1_, contactdat1_.home as home9_1_1_, contactdat1_.homepage as homepag10_1_1_, contactdat1_.lastname as lastnam11_1_1_, contactdat1_.mobile as mobile12_1_1_, contactdat1_.photo as photo13_1_1_, contactdat1_.work as work14_1_1_ from address_in_groups contacts0_ inner join addressbook contactdat1_ on contacts0_.id=contactdat1_.id where contacts0_.group_id=?
Hibernate: select groups0_.id as id1_0_0_, groups0_.group_id as group_id2_0_0_, groupdata1_.group_id as group_id1_2_1_, groupdata1_.group_footer as group_fo2_2_1_, groupdata1_.group_header as group_he3_2_1_, groupdata1_.group_name as group_na4_2_1_ from address_in_groups groups0_ inner join group_list groupdata1_ on groups0_.group_id=groupdata1_.group_id where groups0_.id=?
Hibernate: select groups0_.id as id1_0_0_, groups0_.group_id as group_id2_0_0_, groupdata1_.group_id as group_id1_2_1_, groupdata1_.group_footer as group_fo2_2_1_, groupdata1_.group_header as group_he3_2_1_, groupdata1_.group_name as group_na4_2_1_ from address_in_groups groups0_ inner join group_list groupdata1_ on groups0_.group_id=groupdata1_.group_id where groups0_.id=?
Hibernate: select groups0_.id as id1_0_0_, groups0_.group_id as group_id2_0_0_, groupdata1_.group_id as group_id1_2_1_, groupdata1_.group_footer as group_fo2_2_1_, groupdata1_.group_header as group_he3_2_1_, groupdata1_.group_name as group_na4_2_1_ from address_in_groups groups0_ inner join group_list groupdata1_ on groups0_.group_id=groupdata1_.group_id where groups0_.id=?
Hibernate: select groups0_.id as id1_0_0_, groups0_.group_id as group_id2_0_0_, groupdata1_.group_id as group_id1_2_1_, groupdata1_.group_footer as group_fo2_2_1_, groupdata1_.group_header as group_he3_2_1_, groupdata1_.group_name as group_na4_2_1_ from address_in_groups groups0_ inner join group_list groupdata1_ on groups0_.group_id=groupdata1_.group_id where groups0_.id=?
Hibernate: select contacts0_.group_id as group_id2_0_0_, contacts0_.id as id1_0_0_, contactdat1_.id as id1_1_1_, contactdat1_.address as address2_1_1_, contactdat1_.address2 as address3_1_1_, contactdat1_.company as company4_1_1_, contactdat1_.email as email5_1_1_, contactdat1_.email2 as email6_1_1_, contactdat1_.email3 as email7_1_1_, contactdat1_.firstname as firstnam8_1_1_, contactdat1_.home as home9_1_1_, contactdat1_.homepage as homepag10_1_1_, contactdat1_.lastname as lastnam11_1_1_, contactdat1_.mobile as mobile12_1_1_, contactdat1_.photo as photo13_1_1_, contactdat1_.work as work14_1_1_ from address_in_groups contacts0_ inner join addressbook contactdat1_ on contacts0_.id=contactdat1_.id where contacts0_.group_id=?
Hibernate: select contacts0_.group_id as group_id2_0_0_, contacts0_.id as id1_0_0_, contactdat1_.id as id1_1_1_, contactdat1_.address as address2_1_1_, contactdat1_.address2 as address3_1_1_, contactdat1_.company as company4_1_1_, contactdat1_.email as email5_1_1_, contactdat1_.email2 as email6_1_1_, contactdat1_.email3 as email7_1_1_, contactdat1_.firstname as firstnam8_1_1_, contactdat1_.home as home9_1_1_, contactdat1_.homepage as homepag10_1_1_, contactdat1_.lastname as lastnam11_1_1_, contactdat1_.mobile as mobile12_1_1_, contactdat1_.photo as photo13_1_1_, contactdat1_.work as work14_1_1_ from address_in_groups contacts0_ inner join addressbook contactdat1_ on contacts0_.id=contactdat1_.id where contacts0_.group_id=?
Hibernate: select groups0_.id as id1_0_0_, groups0_.group_id as group_id2_0_0_, groupdata1_.group_id as group_id1_2_1_, groupdata1_.group_footer as group_fo2_2_1_, groupdata1_.group_header as group_he3_2_1_, groupdata1_.group_name as group_na4_2_1_ from address_in_groups groups0_ inner join group_list groupdata1_ on groups0_.group_id=groupdata1_.group_id where groups0_.id=?
Hibernate: select contacts0_.group_id as group_id2_0_0_, contacts0_.id as id1_0_0_, contactdat1_.id as id1_1_1_, contactdat1_.address as address2_1_1_, contactdat1_.address2 as address3_1_1_, contactdat1_.company as company4_1_1_, contactdat1_.email as email5_1_1_, contactdat1_.email2 as email6_1_1_, contactdat1_.email3 as email7_1_1_, contactdat1_.firstname as firstnam8_1_1_, contactdat1_.home as home9_1_1_, contactdat1_.homepage as homepag10_1_1_, contactdat1_.lastname as lastnam11_1_1_, contactdat1_.mobile as mobile12_1_1_, contactdat1_.photo as photo13_1_1_, contactdat1_.work as work14_1_1_ from address_in_groups contacts0_ inner join addressbook contactdat1_ on contacts0_.id=contactdat1_.id where contacts0_.group_id=?
Hibernate: select contacts0_.group_id as group_id2_0_0_, contacts0_.id as id1_0_0_, contactdat1_.id as id1_1_1_, contactdat1_.address as address2_1_1_, contactdat1_.address2 as address3_1_1_, contactdat1_.company as company4_1_1_, contactdat1_.email as email5_1_1_, contactdat1_.email2 as email6_1_1_, contactdat1_.email3 as email7_1_1_, contactdat1_.firstname as firstnam8_1_1_, contactdat1_.home as home9_1_1_, contactdat1_.homepage as homepag10_1_1_, contactdat1_.lastname as lastnam11_1_1_, contactdat1_.mobile as mobile12_1_1_, contactdat1_.photo as photo13_1_1_, contactdat1_.work as work14_1_1_ from address_in_groups contacts0_ inner join addressbook contactdat1_ on contacts0_.id=contactdat1_.id where contacts0_.group_id=?
Hibernate: select groupdata0_.group_id as group_id1_2_, groupdata0_.group_footer as group_fo2_2_, groupdata0_.group_header as group_he3_2_, groupdata0_.group_name as group_na4_2_ from group_list groupdata0_
Hibernate: select contacts0_.group_id as group_id2_0_0_, contacts0_.id as id1_0_0_, contactdat1_.id as id1_1_1_, contactdat1_.address as address2_1_1_, contactdat1_.address2 as address3_1_1_, contactdat1_.company as company4_1_1_, contactdat1_.email as email5_1_1_, contactdat1_.email2 as email6_1_1_, contactdat1_.email3 as email7_1_1_, contactdat1_.firstname as firstnam8_1_1_, contactdat1_.home as home9_1_1_, contactdat1_.homepage as homepag10_1_1_, contactdat1_.lastname as lastnam11_1_1_, contactdat1_.mobile as mobile12_1_1_, contactdat1_.photo as photo13_1_1_, contactdat1_.work as work14_1_1_ from address_in_groups contacts0_ inner join addressbook contactdat1_ on contacts0_.id=contactdat1_.id where contacts0_.group_id=?
Hibernate: select contacts0_.group_id as group_id2_0_0_, contacts0_.id as id1_0_0_, contactdat1_.id as id1_1_1_, contactdat1_.address as address2_1_1_, contactdat1_.address2 as address3_1_1_, contactdat1_.company as company4_1_1_, contactdat1_.email as email5_1_1_, contactdat1_.email2 as email6_1_1_, contactdat1_.email3 as email7_1_1_, contactdat1_.firstname as firstnam8_1_1_, contactdat1_.home as home9_1_1_, contactdat1_.homepage as homepag10_1_1_, contactdat1_.lastname as lastnam11_1_1_, contactdat1_.mobile as mobile12_1_1_, contactdat1_.photo as photo13_1_1_, contactdat1_.work as work14_1_1_ from address_in_groups contacts0_ inner join addressbook contactdat1_ on contacts0_.id=contactdat1_.id where contacts0_.group_id=?
Hibernate: select contacts0_.group_id as group_id2_0_0_, contacts0_.id as id1_0_0_, contactdat1_.id as id1_1_1_, contactdat1_.address as address2_1_1_, contactdat1_.address2 as address3_1_1_, contactdat1_.company as company4_1_1_, contactdat1_.email as email5_1_1_, contactdat1_.email2 as email6_1_1_, contactdat1_.email3 as email7_1_1_, contactdat1_.firstname as firstnam8_1_1_, contactdat1_.home as home9_1_1_, contactdat1_.homepage as homepag10_1_1_, contactdat1_.lastname as lastnam11_1_1_, contactdat1_.mobile as mobile12_1_1_, contactdat1_.photo as photo13_1_1_, contactdat1_.work as work14_1_1_ from address_in_groups contacts0_ inner join addressbook contactdat1_ on contacts0_.id=contactdat1_.id where contacts0_.group_id=?
Hibernate: select contacts0_.group_id as group_id2_0_0_, contacts0_.id as id1_0_0_, contactdat1_.id as id1_1_1_, contactdat1_.address as address2_1_1_, contactdat1_.address2 as address3_1_1_, contactdat1_.company as company4_1_1_, contactdat1_.email as email5_1_1_, contactdat1_.email2 as email6_1_1_, contactdat1_.email3 as email7_1_1_, contactdat1_.firstname as firstnam8_1_1_, contactdat1_.home as home9_1_1_, contactdat1_.homepage as homepag10_1_1_, contactdat1_.lastname as lastnam11_1_1_, contactdat1_.mobile as mobile12_1_1_, contactdat1_.photo as photo13_1_1_, contactdat1_.work as work14_1_1_ from address_in_groups contacts0_ inner join addressbook contactdat1_ on contacts0_.id=contactdat1_.id where contacts0_.group_id=?
Hibernate: select groups0_.id as id1_0_0_, groups0_.group_id as group_id2_0_0_, groupdata1_.group_id as group_id1_2_1_, groupdata1_.group_footer as group_fo2_2_1_, groupdata1_.group_header as group_he3_2_1_, groupdata1_.group_name as group_na4_2_1_ from address_in_groups groups0_ inner join group_list groupdata1_ on groups0_.group_id=groupdata1_.group_id where groups0_.id=?
Hibernate: select groups0_.id as id1_0_0_, groups0_.group_id as group_id2_0_0_, groupdata1_.group_id as group_id1_2_1_, groupdata1_.group_footer as group_fo2_2_1_, groupdata1_.group_header as group_he3_2_1_, groupdata1_.group_name as group_na4_2_1_ from address_in_groups groups0_ inner join group_list groupdata1_ on groups0_.group_id=groupdata1_.group_id where groups0_.id=?
Hibernate: select groups0_.id as id1_0_0_, groups0_.group_id as group_id2_0_0_, groupdata1_.group_id as group_id1_2_1_, groupdata1_.group_footer as group_fo2_2_1_, groupdata1_.group_header as group_he3_2_1_, groupdata1_.group_name as group_na4_2_1_ from address_in_groups groups0_ inner join group_list groupdata1_ on groups0_.group_id=groupdata1_.group_id where groups0_.id=?
Hibernate: select groups0_.id as id1_0_0_, groups0_.group_id as group_id2_0_0_, groupdata1_.group_id as group_id1_2_1_, groupdata1_.group_footer as group_fo2_2_1_, groupdata1_.group_header as group_he3_2_1_, groupdata1_.group_name as group_na4_2_1_ from address_in_groups groups0_ inner join group_list groupdata1_ on groups0_.group_id=groupdata1_.group_id where groups0_.id=?
Hibernate: select contacts0_.group_id as group_id2_0_0_, contacts0_.id as id1_0_0_, contactdat1_.id as id1_1_1_, contactdat1_.address as address2_1_1_, contactdat1_.address2 as address3_1_1_, contactdat1_.company as company4_1_1_, contactdat1_.email as email5_1_1_, contactdat1_.email2 as email6_1_1_, contactdat1_.email3 as email7_1_1_, contactdat1_.firstname as firstnam8_1_1_, contactdat1_.home as home9_1_1_, contactdat1_.homepage as homepag10_1_1_, contactdat1_.lastname as lastnam11_1_1_, contactdat1_.mobile as mobile12_1_1_, contactdat1_.photo as photo13_1_1_, contactdat1_.work as work14_1_1_ from address_in_groups contacts0_ inner join addressbook contactdat1_ on contacts0_.id=contactdat1_.id where contacts0_.group_id=?
Hibernate: select contacts0_.group_id as group_id2_0_0_, contacts0_.id as id1_0_0_, contactdat1_.id as id1_1_1_, contactdat1_.address as address2_1_1_, contactdat1_.address2 as address3_1_1_, contactdat1_.company as company4_1_1_, contactdat1_.email as email5_1_1_, contactdat1_.email2 as email6_1_1_, contactdat1_.email3 as email7_1_1_, contactdat1_.firstname as firstnam8_1_1_, contactdat1_.home as home9_1_1_, contactdat1_.homepage as homepag10_1_1_, contactdat1_.lastname as lastnam11_1_1_, contactdat1_.mobile as mobile12_1_1_, contactdat1_.photo as photo13_1_1_, contactdat1_.work as work14_1_1_ from address_in_groups contacts0_ inner join addressbook contactdat1_ on contacts0_.id=contactdat1_.id where contacts0_.group_id=?
Hibernate: select groups0_.id as id1_0_0_, groups0_.group_id as group_id2_0_0_, groupdata1_.group_id as group_id1_2_1_, groupdata1_.group_footer as group_fo2_2_1_, groupdata1_.group_header as group_he3_2_1_, groupdata1_.group_name as group_na4_2_1_ from address_in_groups groups0_ inner join group_list groupdata1_ on groups0_.group_id=groupdata1_.group_id where groups0_.id=?
Hibernate: select contacts0_.group_id as group_id2_0_0_, contacts0_.id as id1_0_0_, contactdat1_.id as id1_1_1_, contactdat1_.address as address2_1_1_, contactdat1_.address2 as address3_1_1_, contactdat1_.company as company4_1_1_, contactdat1_.email as email5_1_1_, contactdat1_.email2 as email6_1_1_, contactdat1_.email3 as email7_1_1_, contactdat1_.firstname as firstnam8_1_1_, contactdat1_.home as home9_1_1_, contactdat1_.homepage as homepag10_1_1_, contactdat1_.lastname as lastnam11_1_1_, contactdat1_.mobile as mobile12_1_1_, contactdat1_.photo as photo13_1_1_, contactdat1_.work as work14_1_1_ from address_in_groups contacts0_ inner join addressbook contactdat1_ on contacts0_.id=contactdat1_.id where contacts0_.group_id=?
Hibernate: select contacts0_.group_id as group_id2_0_0_, contacts0_.id as id1_0_0_, contactdat1_.id as id1_1_1_, contactdat1_.address as address2_1_1_, contactdat1_.address2 as address3_1_1_, contactdat1_.company as company4_1_1_, contactdat1_.email as email5_1_1_, contactdat1_.email2 as email6_1_1_, contactdat1_.email3 as email7_1_1_, contactdat1_.firstname as firstnam8_1_1_, contactdat1_.home as home9_1_1_, contactdat1_.homepage as homepag10_1_1_, contactdat1_.lastname as lastnam11_1_1_, contactdat1_.mobile as mobile12_1_1_, contactdat1_.photo as photo13_1_1_, contactdat1_.work as work14_1_1_ from address_in_groups contacts0_ inner join addressbook contactdat1_ on contacts0_.id=contactdat1_.id where contacts0_.group_id=?
Hibernate: select groupdata0_.group_id as group_id1_2_, groupdata0_.group_footer as group_fo2_2_, groupdata0_.group_header as group_he3_2_, groupdata0_.group_name as group_na4_2_ from group_list groupdata0_
Hibernate: select contacts0_.group_id as group_id2_0_0_, contacts0_.id as id1_0_0_, contactdat1_.id as id1_1_1_, contactdat1_.address as address2_1_1_, contactdat1_.address2 as address3_1_1_, contactdat1_.company as company4_1_1_, contactdat1_.email as email5_1_1_, contactdat1_.email2 as email6_1_1_, contactdat1_.email3 as email7_1_1_, contactdat1_.firstname as firstnam8_1_1_, contactdat1_.home as home9_1_1_, contactdat1_.homepage as homepag10_1_1_, contactdat1_.lastname as lastnam11_1_1_, contactdat1_.mobile as mobile12_1_1_, contactdat1_.photo as photo13_1_1_, contactdat1_.work as work14_1_1_ from address_in_groups contacts0_ inner join addressbook contactdat1_ on contacts0_.id=contactdat1_.id where contacts0_.group_id=?
Hibernate: select contacts0_.group_id as group_id2_0_0_, contacts0_.id as id1_0_0_, contactdat1_.id as id1_1_1_, contactdat1_.address as address2_1_1_, contactdat1_.address2 as address3_1_1_, contactdat1_.company as company4_1_1_, contactdat1_.email as email5_1_1_, contactdat1_.email2 as email6_1_1_, contactdat1_.email3 as email7_1_1_, contactdat1_.firstname as firstnam8_1_1_, contactdat1_.home as home9_1_1_, contactdat1_.homepage as homepag10_1_1_, contactdat1_.lastname as lastnam11_1_1_, contactdat1_.mobile as mobile12_1_1_, contactdat1_.photo as photo13_1_1_, contactdat1_.work as work14_1_1_ from address_in_groups contacts0_ inner join addressbook contactdat1_ on contacts0_.id=contactdat1_.id where contacts0_.group_id=?
Hibernate: select contacts0_.group_id as group_id2_0_0_, contacts0_.id as id1_0_0_, contactdat1_.id as id1_1_1_, contactdat1_.address as address2_1_1_, contactdat1_.address2 as address3_1_1_, contactdat1_.company as company4_1_1_, contactdat1_.email as email5_1_1_, contactdat1_.email2 as email6_1_1_, contactdat1_.email3 as email7_1_1_, contactdat1_.firstname as firstnam8_1_1_, contactdat1_.home as home9_1_1_, contactdat1_.homepage as homepag10_1_1_, contactdat1_.lastname as lastnam11_1_1_, contactdat1_.mobile as mobile12_1_1_, contactdat1_.photo as photo13_1_1_, contactdat1_.work as work14_1_1_ from address_in_groups contacts0_ inner join addressbook contactdat1_ on contacts0_.id=contactdat1_.id where contacts0_.group_id=?
Hibernate: select contacts0_.group_id as group_id2_0_0_, contacts0_.id as id1_0_0_, contactdat1_.id as id1_1_1_, contactdat1_.address as address2_1_1_, contactdat1_.address2 as address3_1_1_, contactdat1_.company as company4_1_1_, contactdat1_.email as email5_1_1_, contactdat1_.email2 as email6_1_1_, contactdat1_.email3 as email7_1_1_, contactdat1_.firstname as firstnam8_1_1_, contactdat1_.home as home9_1_1_, contactdat1_.homepage as homepag10_1_1_, contactdat1_.lastname as lastnam11_1_1_, contactdat1_.mobile as mobile12_1_1_, contactdat1_.photo as photo13_1_1_, contactdat1_.work as work14_1_1_ from address_in_groups contacts0_ inner join addressbook contactdat1_ on contacts0_.id=contactdat1_.id where contacts0_.group_id=?
Hibernate: select contacts0_.group_id as group_id2_0_0_, contacts0_.id as id1_0_0_, contactdat1_.id as id1_1_1_, contactdat1_.address as address2_1_1_, contactdat1_.address2 as address3_1_1_, contactdat1_.company as company4_1_1_, contactdat1_.email as email5_1_1_, contactdat1_.email2 as email6_1_1_, contactdat1_.email3 as email7_1_1_, contactdat1_.firstname as firstnam8_1_1_, contactdat1_.home as home9_1_1_, contactdat1_.homepage as homepag10_1_1_, contactdat1_.lastname as lastnam11_1_1_, contactdat1_.mobile as mobile12_1_1_, contactdat1_.photo as photo13_1_1_, contactdat1_.work as work14_1_1_ from address_in_groups contacts0_ inner join addressbook contactdat1_ on contacts0_.id=contactdat1_.id where contacts0_.group_id=?
Hibernate: select groups0_.id as id1_0_0_, groups0_.group_id as group_id2_0_0_, groupdata1_.group_id as group_id1_2_1_, groupdata1_.group_footer as group_fo2_2_1_, groupdata1_.group_header as group_he3_2_1_, groupdata1_.group_name as group_na4_2_1_ from address_in_groups groups0_ inner join group_list groupdata1_ on groups0_.group_id=groupdata1_.group_id where groups0_.id=?
Hibernate: select groups0_.id as id1_0_0_, groups0_.group_id as group_id2_0_0_, groupdata1_.group_id as group_id1_2_1_, groupdata1_.group_footer as group_fo2_2_1_, groupdata1_.group_header as group_he3_2_1_, groupdata1_.group_name as group_na4_2_1_ from address_in_groups groups0_ inner join group_list groupdata1_ on groups0_.group_id=groupdata1_.group_id where groups0_.id=?
Hibernate: select groups0_.id as id1_0_0_, groups0_.group_id as group_id2_0_0_, groupdata1_.group_id as group_id1_2_1_, groupdata1_.group_footer as group_fo2_2_1_, groupdata1_.group_header as group_he3_2_1_, groupdata1_.group_name as group_na4_2_1_ from address_in_groups groups0_ inner join group_list groupdata1_ on groups0_.group_id=groupdata1_.group_id where groups0_.id=?
Hibernate: select groups0_.id as id1_0_0_, groups0_.group_id as group_id2_0_0_, groupdata1_.group_id as group_id1_2_1_, groupdata1_.group_footer as group_fo2_2_1_, groupdata1_.group_header as group_he3_2_1_, groupdata1_.group_name as group_na4_2_1_ from address_in_groups groups0_ inner join group_list groupdata1_ on groups0_.group_id=groupdata1_.group_id where groups0_.id=?
Hibernate: select contacts0_.group_id as group_id2_0_0_, contacts0_.id as id1_0_0_, contactdat1_.id as id1_1_1_, contactdat1_.address as address2_1_1_, contactdat1_.address2 as address3_1_1_, contactdat1_.company as company4_1_1_, contactdat1_.email as email5_1_1_, contactdat1_.email2 as email6_1_1_, contactdat1_.email3 as email7_1_1_, contactdat1_.firstname as firstnam8_1_1_, contactdat1_.home as home9_1_1_, contactdat1_.homepage as homepag10_1_1_, contactdat1_.lastname as lastnam11_1_1_, contactdat1_.mobile as mobile12_1_1_, contactdat1_.photo as photo13_1_1_, contactdat1_.work as work14_1_1_ from address_in_groups contacts0_ inner join addressbook contactdat1_ on contacts0_.id=contactdat1_.id where contacts0_.group_id=?
Hibernate: select contacts0_.group_id as group_id2_0_0_, contacts0_.id as id1_0_0_, contactdat1_.id as id1_1_1_, contactdat1_.address as address2_1_1_, contactdat1_.address2 as address3_1_1_, contactdat1_.company as company4_1_1_, contactdat1_.email as email5_1_1_, contactdat1_.email2 as email6_1_1_, contactdat1_.email3 as email7_1_1_, contactdat1_.firstname as firstnam8_1_1_, contactdat1_.home as home9_1_1_, contactdat1_.homepage as homepag10_1_1_, contactdat1_.lastname as lastnam11_1_1_, contactdat1_.mobile as mobile12_1_1_, contactdat1_.photo as photo13_1_1_, contactdat1_.work as work14_1_1_ from address_in_groups contacts0_ inner join addressbook contactdat1_ on contacts0_.id=contactdat1_.id where contacts0_.group_id=?
Hibernate: select groups0_.id as id1_0_0_, groups0_.group_id as group_id2_0_0_, groupdata1_.group_id as group_id1_2_1_, groupdata1_.group_footer as group_fo2_2_1_, groupdata1_.group_header as group_he3_2_1_, groupdata1_.group_name as group_na4_2_1_ from address_in_groups groups0_ inner join group_list groupdata1_ on groups0_.group_id=groupdata1_.group_id where groups0_.id=?
Hibernate: select contacts0_.group_id as group_id2_0_0_, contacts0_.id as id1_0_0_, contactdat1_.id as id1_1_1_, contactdat1_.address as address2_1_1_, contactdat1_.address2 as address3_1_1_, contactdat1_.company as company4_1_1_, contactdat1_.email as email5_1_1_, contactdat1_.email2 as email6_1_1_, contactdat1_.email3 as email7_1_1_, contactdat1_.firstname as firstnam8_1_1_, contactdat1_.home as home9_1_1_, contactdat1_.homepage as homepag10_1_1_, contactdat1_.lastname as lastnam11_1_1_, contactdat1_.mobile as mobile12_1_1_, contactdat1_.photo as photo13_1_1_, contactdat1_.work as work14_1_1_ from address_in_groups contacts0_ inner join addressbook contactdat1_ on contacts0_.id=contactdat1_.id where contacts0_.group_id=?
Hibernate: select contacts0_.group_id as group_id2_0_0_, contacts0_.id as id1_0_0_, contactdat1_.id as id1_1_1_, contactdat1_.address as address2_1_1_, contactdat1_.address2 as address3_1_1_, contactdat1_.company as company4_1_1_, contactdat1_.email as email5_1_1_, contactdat1_.email2 as email6_1_1_, contactdat1_.email3 as email7_1_1_, contactdat1_.firstname as firstnam8_1_1_, contactdat1_.home as home9_1_1_, contactdat1_.homepage as homepag10_1_1_, contactdat1_.lastname as lastnam11_1_1_, contactdat1_.mobile as mobile12_1_1_, contactdat1_.photo as photo13_1_1_, contactdat1_.work as work14_1_1_ from address_in_groups contacts0_ inner join addressbook contactdat1_ on contacts0_.id=contactdat1_.id where contacts0_.group_id=?
]]></system-out>
  <system-err><![CDATA[]]></system-err>
</testsuite>
