<?xml version="1.0" encoding="UTF-8"?>
<testsuite name="it.java.addressbook.tests.ContactCreationTests" tests="2" skipped="0" failures="0" errors="0" timestamp="2018-01-21T20:46:35" hostname="MacBook-Air-3.local" time="9.363">
  <properties/>
  <testcase name="contactCreationTests[0](ContactData{id=0, firstname='Firstname 0', lastname='Lastname 0'})" classname="it.java.addressbook.tests.ContactCreationTests" time="4.849"/>
  <testcase name="contactCreationTests[1](ContactData{id=0, firstname='Firstname 1', lastname='Lastname 1'})" classname="it.java.addressbook.tests.ContactCreationTests" time="4.514"/>
  <system-out><![CDATA[]]></system-out>
  <system-err><![CDATA[]]></system-err>
</testsuite>
