<?xml version="1.0" encoding="UTF-8"?>
<testsuite name="it.java.addressbook.tests.ContactDeletionTests" tests="1" skipped="0" failures="0" errors="0" timestamp="2018-01-21T18:44:57" hostname="MacBook-Air-3.local" time="2.695">
  <properties/>
  <testcase name="testDeletionContact" classname="it.java.addressbook.tests.ContactDeletionTests" time="2.695"/>
  <system-out><![CDATA[]]></system-out>
  <system-err><![CDATA[]]></system-err>
</testsuite>
