<?xml version="1.0" encoding="UTF-8"?>
<testsuite name="it.java.addressbook.tests.GroupModificationTests" tests="1" skipped="0" failures="0" errors="0" timestamp="2018-01-21T15:42:55" hostname="MacBook-Air-3.local" time="16.508">
  <properties/>
  <testcase name="testGroupModification" classname="it.java.addressbook.tests.GroupModificationTests" time="16.508"/>
  <system-out><![CDATA[]]></system-out>
  <system-err><![CDATA[]]></system-err>
</testsuite>
