<?xml version="1.0" encoding="UTF-8"?>
<testsuite name="it.java.addressbook.tests.GroupDeletionTests" tests="1" skipped="0" failures="0" errors="0" timestamp="2018-01-21T15:42:44" hostname="MacBook-Air-3.local" time="5.468">
  <properties/>
  <testcase name="testGroupDeletion" classname="it.java.addressbook.tests.GroupDeletionTests" time="5.468"/>
  <system-out><![CDATA[]]></system-out>
  <system-err><![CDATA[]]></system-err>
</testsuite>
